sample-chat/build/outputs/logs/manifest-merger-dev-debug-report.txt
-- Merging decision tree log ---
manifest
ADDED from src/main/AndroidManifest.xml:2:1-101:12
	package
		ADDED from src/main/AndroidManifest.xml:4:5-40
		INJECTED from src/main/AndroidManifest.xml
		INJECTED from src/main/AndroidManifest.xml
	android:versionName
		INJECTED from src/main/AndroidManifest.xml
		INJECTED from src/main/AndroidManifest.xml
	xmlns:tools
		ADDED from src/main/AndroidManifest.xml:3:5-51
	xmlns:android
		ADDED from src/main/AndroidManifest.xml:2:11-69
	android:versionCode
		INJECTED from src/main/AndroidManifest.xml
		INJECTED from src/main/AndroidManifest.xml
permission#com.quickblox.sample.chat.permission.C2D_MESSAGE
ADDED from src/main/AndroidManifest.xml:6:5-8:47
	android:protectionLevel
		ADDED from src/main/AndroidManifest.xml:8:9-44
	android:name
		ADDED from src/main/AndroidManifest.xml:7:9-72
uses-permission#com.quickblox.sample.chat.permission.C2D_MESSAGE
ADDED from src/main/AndroidManifest.xml:10:5-88
	android:name
		ADDED from src/main/AndroidManifest.xml:10:22-85
uses-permission#com.google.android.c2dm.permission.RECEIVE
ADDED from src/main/AndroidManifest.xml:11:5-82
MERGED from [com.google.android.gms:play-services-gcm:8.4.0] AndroidManifest.xml:21:5-82
	android:name
		ADDED from src/main/AndroidManifest.xml:11:22-79
uses-permission#android.permission.INTERNET
ADDED from src/main/AndroidManifest.xml:12:5-67
MERGED from [com.quickblox:quickblox-android-sdk-chat:3.1.0] AndroidManifest.xml:11:5-67
MERGED from [com.google.android.gms:play-services-gcm:8.4.0] AndroidManifest.xml:22:5-67
MERGED from [com.google.android.gms:play-services-measurement:8.4.0] AndroidManifest.xml:21:5-67
	android:name
		ADDED from src/main/AndroidManifest.xml:12:22-64
uses-permission#android.permission.GET_ACCOUNTS
ADDED from src/main/AndroidManifest.xml:13:5-71
	android:name
		ADDED from src/main/AndroidManifest.xml:13:22-68
uses-permission#android.permission.WAKE_LOCK
ADDED from src/main/AndroidManifest.xml:14:5-68
MERGED from [com.google.android.gms:play-services-measurement:8.4.0] AndroidManifest.xml:24:5-67
	android:name
		ADDED from src/main/AndroidManifest.xml:14:22-65
uses-permission#android.permission.READ_PHONE_STATE
ADDED from src/main/AndroidManifest.xml:15:5-75
	android:name
		ADDED from src/main/AndroidManifest.xml:15:22-72
uses-permission#android.permission.WRITE_EXTERNAL_STORAGE
ADDED from src/main/AndroidManifest.xml:16:5-81
	android:name
		ADDED from src/main/AndroidManifest.xml:16:22-78
application
ADDED from src/main/AndroidManifest.xml:18:5-100:19
MERGED from [quickblox-android-sdk-master:sample-core:unspecified] AndroidManifest.xml:12:5-20
MERGED from [com.google.android.gms:play-services-gcm:8.4.0] AndroidManifest.xml:24:5-20
MERGED from [com.google.android.gms:play-services-basement:8.4.0] AndroidManifest.xml:20:5-24:19
MERGED from [com.android.support:support-v4:23.1.1] AndroidManifest.xml:22:5-20
MERGED from [com.google.android.gms:play-services-measurement:8.4.0] AndroidManifest.xml:26:5-46:19
MERGED from [com.android.support:design:23.1.1] AndroidManifest.xml:22:5-20
MERGED from [com.android.support:appcompat-v7:23.1.1] AndroidManifest.xml:22:5-20
MERGED from [com.github.johnkil.android-robototextview:robototextview:2.4.3] AndroidManifest.xml:8:5-20
MERGED from [com.github.orangegangsters:swipy:1.2.2] AndroidManifest.xml:11:5-12:19
	android:label
		ADDED from src/main/AndroidManifest.xml:22:9-41
	tools:ignore
		ADDED from src/main/AndroidManifest.xml:24:9-48
	android:allowBackup
		ADDED from src/main/AndroidManifest.xml:20:9-35
	android:icon
		ADDED from src/main/AndroidManifest.xml:21:9-43
	android:theme
		ADDED from src/main/AndroidManifest.xml:23:9-40
	android:name
		ADDED from src/main/AndroidManifest.xml:19:9-28
activity#com.quickblox.sample.chat.ui.activity.SplashActivity
ADDED from src/main/AndroidManifest.xml:26:9-35:20
	android:screenOrientation
		ADDED from src/main/AndroidManifest.xml:29:13-49
	android:label
		ADDED from src/main/AndroidManifest.xml:28:13-45
	android:name
		ADDED from src/main/AndroidManifest.xml:27:13-55
intent-filter#android.intent.action.MAIN+android.intent.category.LAUNCHER
ADDED from src/main/AndroidManifest.xml:31:13-34:29
action#android.intent.action.MAIN
ADDED from src/main/AndroidManifest.xml:32:17-69
	android:name
		ADDED from src/main/AndroidManifest.xml:32:25-66
category#android.intent.category.LAUNCHER
ADDED from src/main/AndroidManifest.xml:33:17-77
	android:name
		ADDED from src/main/AndroidManifest.xml:33:27-74
activity#com.quickblox.sample.chat.ui.activity.LoginActivity
ADDED from src/main/AndroidManifest.xml:37:9-40:52
	android:screenOrientation
		ADDED from src/main/AndroidManifest.xml:40:13-49
	android:label
		ADDED from src/main/AndroidManifest.xml:39:13-48
	android:name
		ADDED from src/main/AndroidManifest.xml:38:13-54
activity#com.quickblox.sample.chat.ui.activity.SelectUsersActivity
ADDED from src/main/AndroidManifest.xml:42:9-44:52
	android:screenOrientation
		ADDED from src/main/AndroidManifest.xml:44:13-49
	android:name
		ADDED from src/main/AndroidManifest.xml:43:13-60
activity#com.quickblox.sample.chat.ui.activity.DialogsActivity
ADDED from src/main/AndroidManifest.xml:46:9-48:52
	android:screenOrientation
		ADDED from src/main/AndroidManifest.xml:48:13-49
	android:name
		ADDED from src/main/AndroidManifest.xml:47:13-56
activity#com.quickblox.sample.chat.ui.activity.ChatActivity
ADDED from src/main/AndroidManifest.xml:50:9-54:70
	android:screenOrientation
		ADDED from src/main/AndroidManifest.xml:52:13-49
	android:windowSoftInputMode
		ADDED from src/main/AndroidManifest.xml:54:13-67
	android:theme
		ADDED from src/main/AndroidManifest.xml:53:13-53
	android:name
		ADDED from src/main/AndroidManifest.xml:51:13-53
activity#com.quickblox.sample.chat.ui.activity.ChatInfoActivity
ADDED from src/main/AndroidManifest.xml:56:9-59:52
	android:screenOrientation
		ADDED from src/main/AndroidManifest.xml:59:13-49
	android:label
		ADDED from src/main/AndroidManifest.xml:58:13-46
	android:name
		ADDED from src/main/AndroidManifest.xml:57:13-57
activity#com.quickblox.sample.chat.ui.activity.AttachmentImageActivity
ADDED from src/main/AndroidManifest.xml:61:9-63:52
	android:screenOrientation
		ADDED from src/main/AndroidManifest.xml:63:13-49
	android:theme
		ADDED from src/main/AndroidManifest.xml:62:13-49
	android:name
		ADDED from src/main/AndroidManifest.xml:61:19-70
receiver#com.google.android.gms.gcm.GcmReceiver
ADDED from src/main/AndroidManifest.xml:65:9-75:20
	android:exported
		ADDED from src/main/AndroidManifest.xml:67:13-36
	android:permission
		ADDED from src/main/AndroidManifest.xml:68:13-73
	android:name
		ADDED from src/main/AndroidManifest.xml:66:13-66
intent-filter#com.google.android.c2dm.intent.RECEIVE+com.google.android.c2dm.intent.REGISTRATION+com.quickblox.sample.chat
ADDED from src/main/AndroidManifest.xml:69:13-74:29
action#com.google.android.c2dm.intent.RECEIVE
ADDED from src/main/AndroidManifest.xml:70:17-81
	android:name
		ADDED from src/main/AndroidManifest.xml:70:25-78
action#com.google.android.c2dm.intent.REGISTRATION
ADDED from src/main/AndroidManifest.xml:71:17-86
	android:name
		ADDED from src/main/AndroidManifest.xml:71:25-83
category#com.quickblox.sample.chat
ADDED from src/main/AndroidManifest.xml:73:17-70
	android:name
		ADDED from src/main/AndroidManifest.xml:73:27-67
service#com.quickblox.sample.chat.gcm.GcmPushListenerService
ADDED from src/main/AndroidManifest.xml:77:9-83:19
	android:exported
		ADDED from src/main/AndroidManifest.xml:79:13-37
	android:name
		ADDED from src/main/AndroidManifest.xml:78:13-55
intent-filter#com.google.android.c2dm.intent.RECEIVE
ADDED from src/main/AndroidManifest.xml:80:13-82:29
service#com.quickblox.sample.chat.gcm.GcmPushInstanceIDService
ADDED from src/main/AndroidManifest.xml:85:9-91:19
	android:exported
		ADDED from src/main/AndroidManifest.xml:87:13-37
	android:name
		ADDED from src/main/AndroidManifest.xml:86:13-57
intent-filter#com.google.android.gms.iid.InstanceID
ADDED from src/main/AndroidManifest.xml:88:13-90:29
action#com.google.android.gms.iid.InstanceID
ADDED from src/main/AndroidManifest.xml:89:17-80
	android:name
		ADDED from src/main/AndroidManifest.xml:89:25-77
meta-data#com.google.android.gms.version
ADDED from src/main/AndroidManifest.xml:93:9-95:69
MERGED from [com.google.android.gms:play-services-basement:8.4.0] AndroidManifest.xml:21:9-23:69
	android:value
		ADDED from src/main/AndroidManifest.xml:95:13-66
	android:name
		ADDED from src/main/AndroidManifest.xml:94:13-58
meta-data#io.fabric.ApiKey
ADDED from src/main/AndroidManifest.xml:97:9-99:72
	android:value
		ADDED from src/main/AndroidManifest.xml:99:13-69
	android:name
		ADDED from src/main/AndroidManifest.xml:98:13-44
uses-sdk
INJECTED from src/main/AndroidManifest.xml reason: use-sdk injection requested
MERGED from [com.quickblox:quickblox-android-sdk-chat:3.1.0] AndroidManifest.xml:5:5-7:41
MERGED from [com.quickblox:quickblox-android-sdk-core:3.1.0] AndroidManifest.xml:6:5-8:41
MERGED from [com.quickblox:quickblox-android-sdk-content:3.1.0] AndroidManifest.xml:5:5-7:41
MERGED from [quickblox-android-sdk-master:sample-core:unspecified] AndroidManifest.xml:8:5-10:41
MERGED from [com.quickblox:quickblox-android-sdk-messages:3.1.0] AndroidManifest.xml:5:5-7:41
MERGED from [com.google.android.gms:play-services-gcm:8.4.0] AndroidManifest.xml:18:5-42
MERGED from [com.google.android.gms:play-services-base:8.4.0] AndroidManifest.xml:18:5-42
MERGED from [com.google.android.gms:play-services-basement:8.4.0] AndroidManifest.xml:18:5-42
MERGED from [com.android.support:support-v4:23.1.1] AndroidManifest.xml:20:5-43
MERGED from [com.google.android.gms:play-services-measurement:8.4.0] AndroidManifest.xml:18:5-42
MERGED from [com.android.support:design:23.1.1] AndroidManifest.xml:20:5-43
MERGED from [com.android.support:appcompat-v7:23.1.1] AndroidManifest.xml:20:5-43
MERGED from [com.android.support:recyclerview-v7:23.1.1] AndroidManifest.xml:20:5-43
MERGED from [com.github.johnkil.android-robototextview:robototextview:2.4.3] AndroidManifest.xml:6:5-43
MERGED from [com.github.orangegangsters:swipy:1.2.2] AndroidManifest.xml:7:5-9:41
MERGED from [se.emilsjolander:stickylistheaders:2.7.0] AndroidManifest.xml:7:5-9:41
	android:targetSdkVersion
		INJECTED from src/main/AndroidManifest.xml
		INJECTED from src/main/AndroidManifest.xml
	android:minSdkVersion
		INJECTED from src/main/AndroidManifest.xml
		INJECTED from src/main/AndroidManifest.xml
uses-permission#android.permission.ACCESS_NETWORK_STATE
ADDED from [com.quickblox:quickblox-android-sdk-chat:3.1.0] AndroidManifest.xml:12:5-79
MERGED from [com.google.android.gms:play-services-measurement:8.4.0] AndroidManifest.xml:22:5-79
	android:name
		ADDED from [com.quickblox:quickblox-android-sdk-chat:3.1.0] AndroidManifest.xml:12:22-76
provider#com.google.android.gms.measurement.AppMeasurementContentProvider
ADDED from [com.google.android.gms:play-services-measurement:8.4.0] AndroidManifest.xml:28:7-31:37
	android:authorities
		ADDED from [com.google.android.gms:play-services-measurement:8.4.0] AndroidManifest.xml:29:11-76
	android:exported
		ADDED from [com.google.android.gms:play-services-measurement:8.4.0] AndroidManifest.xml:31:11-35
	android:name
		ADDED from [com.google.android.gms:play-services-measurement:8.4.0] AndroidManifest.xml:30:11-90
receiver#com.google.android.gms.measurement.AppMeasurementReceiver
ADDED from [com.google.android.gms:play-services-measurement:8.4.0] AndroidManifest.xml:33:7-39:18
	android:enabled
		ADDED from [com.google.android.gms:play-services-measurement:8.4.0] AndroidManifest.xml:35:11-33
	android:name
		ADDED from [com.google.android.gms:play-services-measurement:8.4.0] AndroidManifest.xml:34:11-83
intent-filter#com.google.android.gms.measurement.UPLOAD
ADDED from [com.google.android.gms:play-services-measurement:8.4.0] AndroidManifest.xml:36:9-38:25
action#com.google.android.gms.measurement.UPLOAD
ADDED from [com.google.android.gms:play-services-measurement:8.4.0] AndroidManifest.xml:37:11-77
	android:name
		ADDED from [com.google.android.gms:play-services-measurement:8.4.0] AndroidManifest.xml:37:19-75
service#com.google.android.gms.measurement.AppMeasurementService
ADDED from [com.google.android.gms:play-services-measurement:8.4.0] AndroidManifest.xml:41:7-44:37
	android:enabled
		ADDED from [com.google.android.gms:play-services-measurement:8.4.0] AndroidManifest.xml:43:11-33
	android:exported
		ADDED from [com.google.android.gms:play-services-measurement:8.4.0] AndroidManifest.xml:44:11-35
	android:name
		ADDED from [com.google.android.gms:play-services-measurement:8.4.0] AndroidManifest.xml:42:11-82